This is pdfTeX, Version 3.14159265-2.6-1.40.19 (MiKTeX 2.9.6840 64-bit) (preloaded format=latex 2018.11.2)  10 DEC 2018 16:48
entering extended mode
**./chapter6-detection4.tex
(chapter6-detection4.tex
LaTeX2e <2018-04-01> patch level 5
! Undefined control sequence.
l.1 \chapter
            {CHAPTER TITLE} \label{c6}
? 
! Emergency stop.
l.1 \chapter
            {CHAPTER TITLE} \label{c6}
End of file on the terminal!

 
Here is how much of TeX's memory you used:
 7 strings out of 492967
 245 string characters out of 3135750
 56180 words of memory out of 3000000
 3981 multiletter control sequences out of 15000+200000
 3640 words of font info for 14 fonts, out of 3000000 for 9000
 1141 hyphenation exceptions out of 8191
 5i,0n,1p,63b,8s stack positions out of 5000i,500n,10000p,200000b,50000s
No pages of output.
