\BOOKMARK [0][-]{chapter*.1}{Abstract}{}% 1
\BOOKMARK [0][-]{chapter*.2}{List of Figures}{}% 2
\BOOKMARK [0][-]{chapter*.3}{List of Tables}{}% 3
\BOOKMARK [0][-]{section*.5}{Abbreviations}{}% 4
\BOOKMARK [0][-]{section*.7}{List of Symbols}{}% 5
\BOOKMARK [0][-]{chapter.1}{Introduction to Analog and Digital converters}{}% 6
\BOOKMARK [1][-]{section.1.1}{Introduction}{chapter.1}% 7
\BOOKMARK [1][-]{section.1.2}{Motivation}{chapter.1}% 8
\BOOKMARK [1][-]{section.1.3}{Problem statement}{chapter.1}% 9
\BOOKMARK [1][-]{section.1.4}{Objectives}{chapter.1}% 10
\BOOKMARK [1][-]{section.1.5}{Literature Review}{chapter.1}% 11
\BOOKMARK [2][-]{subsection.1.5.1}{Sample}{section.1.5}% 12
\BOOKMARK [1][-]{section.1.6}{Brief Methodology of the project}{chapter.1}% 13
\BOOKMARK [1][-]{section.1.7}{Assumptions made / Constraints of the project}{chapter.1}% 14
\BOOKMARK [1][-]{section.1.8}{Organization of the report}{chapter.1}% 15
\BOOKMARK [0][-]{chapter.2}{Theory and Fundamentals of Analog to Digital converter}{}% 16
\BOOKMARK [1][-]{section.2.1}{Contents of this chapter}{chapter.2}% 17
\BOOKMARK [1][-]{section.2.2}{Contents of this chapter}{chapter.2}% 18
\BOOKMARK [1][-]{section.2.3}{Contents of this chapter}{chapter.2}% 19
\BOOKMARK [1][-]{section.2.4}{Contents of this chapter}{chapter.2}% 20
\BOOKMARK [1][-]{section.2.5}{Use of Acronyms and Glossaries}{chapter.2}% 21
\BOOKMARK [0][-]{chapter.3}{Design of Pipelined Analog to Digital converter}{}% 22
\BOOKMARK [1][-]{section.3.1}{Contents of this Chapter}{chapter.3}% 23
\BOOKMARK [1][-]{section.3.2}{Paraphrasing}{chapter.3}% 24
\BOOKMARK [1][-]{section.3.3}{Quotations}{chapter.3}% 25
\BOOKMARK [0][-]{chapter.4}{Implementation of Pipelined Analog to Digital converter}{}% 26
\BOOKMARK [1][-]{section.4.1}{Contents of this chapter}{chapter.4}% 27
\BOOKMARK [0][-]{chapter.5}{Results \046 Discussions}{}% 28
\BOOKMARK [1][-]{section.5.1}{Contents of this chapter}{chapter.5}% 29
\BOOKMARK [1][-]{section.5.2}{Tables in thesis}{chapter.5}% 30
\BOOKMARK [1][-]{section.5.3}{Math equation in thesis}{chapter.5}% 31
\BOOKMARK [0][-]{chapter.6}{Conclusion and Future Scope}{}% 32
\BOOKMARK [1][-]{section.6.1}{Conclusion}{chapter.6}% 33
\BOOKMARK [1][-]{section.6.2}{Future Scope}{chapter.6}% 34
\BOOKMARK [1][-]{section.6.3}{Learning Outcomes of the Project}{chapter.6}% 35
